<?xml version="1.0" encoding="UTF-8"?>
<!-- Generated by org.testng.reporters.JUnitReportReporter -->
<testsuite skipped="0" hostname="DESKTOP-0FSG9OD" name="testMethods.TestMethod" tests="1" failures="0" timestamp="22 May 2020 19:52:08 GMT" time="34.116" errors="0">
  <testcase name="test1" time="34.116" classname="testMethods.TestMethod"/>
</testsuite> <!-- testMethods.TestMethod -->
